<?xml version="1.0" encoding="utf-8"?><testsuites name="pytest tests"><testsuite name="pytest" errors="0" failures="0" skipped="0" tests="10" time="0.840" timestamp="2026-05-30T01:40:29.710060+00:00" hostname="agent-env-64655dc7-44a8-4bfe-b828-21a5c1057ac8"><testcase classname="backend.tests.backend_test.TestHealth" name="test_health_ok" time="0.241" /><testcase classname="backend.tests.backend_test.TestCalculate" name="test_calc_x5_full_new" time="0.050" /><testcase classname="backend.tests.backend_test.TestCalculate" name="test_calc_x5_risk_chips" time="0.083" /><testcase classname="backend.tests.backend_test.TestCalculate" name="test_calc_xm_color_used" time="0.049" /><testcase classname="backend.tests.backend_test.TestCalculate" name="test_calc_validation_missing_fields" time="0.050" /><testcase classname="backend.tests.backend_test.TestLeads" name="test_create_lead_success" time="0.059" /><testcase classname="backend.tests.backend_test.TestLeads" name="test_create_lead_empty_phone_400" time="0.059" /><testcase classname="backend.tests.backend_test.TestLeads" name="test_create_lead_short_phone_400" time="0.054" /><testcase classname="backend.tests.backend_test.TestLeads" name="test_list_leads_contains_created" time="0.052" /><testcase classname="backend.tests.backend_test.TestLeads" name="test_lead_minimal_payload" time="0.051" /></testsuite></testsuites>